<?xml version="1.0" encoding="UTF-8"?>
<testsuite name="programmers.level1.신고결과받기Test" tests="2" skipped="0" failures="0" errors="0" timestamp="2022-08-12T04:32:38" hostname="DESKTOP-2S09U3K" time="0.024">
  <properties/>
  <testcase name="solution1()" classname="programmers.level1.신고결과받기Test" time="0.023"/>
  <testcase name="solution()" classname="programmers.level1.신고결과받기Test" time="0.001"/>
  <system-out><![CDATA[]]></system-out>
  <system-err><![CDATA[]]></system-err>
</testsuite>
