<?xml version="1.0" encoding="UTF-8"?>
<testsuite name="easy.RomanToIntegerTest" tests="1" skipped="0" failures="0" errors="0" timestamp="2022-07-01T09:14:16" hostname="DESKTOP-2S09U3K" time="78.547">
  <properties/>
  <testcase name="solution()" classname="easy.RomanToIntegerTest" time="78.547"/>
  <system-out><![CDATA[]]></system-out>
  <system-err><![CDATA[]]></system-err>
</testsuite>
